<?xml version="1.0" encoding="UTF-8"?>
<testng-results ignored="0" total="1" passed="1" failed="0" skipped="0">
  <reporter-output>
  </reporter-output>
  <suite started-at="2024-11-18T22:20:11 IST" name="Default suite" finished-at="2024-11-18T22:20:11 IST" duration-ms="93">
    <groups>
    </groups>
    <test started-at="2024-11-18T22:20:11 IST" name="Default test" finished-at="2024-11-18T22:20:11 IST" duration-ms="93">
      <class name="PackageDemo.Streams">
        <test-method signature="collectmethod()[pri:0, instance:PackageDemo.Streams@1bd4fdd]" started-at="2024-11-18T22:20:11 IST" name="collectmethod" finished-at="2024-11-18T22:20:11 IST" duration-ms="20" status="PASS">
          <reporter-output>
          </reporter-output>
        </test-method> <!-- collectmethod -->
      </class> <!-- PackageDemo.Streams -->
    </test> <!-- Default test -->
  </suite> <!-- Default suite -->
</testng-results>
